<?xml version="1.0" encoding="UTF-8"?>
<!-- Generated by org.testng.reporters.JUnitXMLReporter -->
<testsuite ignored="0" hostname="LAPTOP-9DUFE633" failures="0" tests="11" name="Test" time="0.184" errors="0" timestamp="2024-06-15T13:58:58 IST">
  <testcase classname="Spack.ClassSeven" name="testSeven" time="0.016"/>
  <testcase classname="mpack.SeleniumDemo" name="testRegistration" time="0.002"/>
  <testcase classname="mpack.SeleniumDemo" name="testSetUp" time="0.002"/>
  <testcase classname="mpack.SeleniumDemo" name="testHomepage" time="0.002"/>
  <testcase classname="opack.ClassFive" name="testFive" time="0.002"/>
  <testcase classname="opack.ClassSix" name="testSix" time="0.003"/>
  <testcase classname="tpack.ClassTwo" name="testTwo" time="0.004"/>
  <testcase classname="opack.ClassFour" name="testFour" time="0.001"/>
  <testcase classname="tpack.ClassOne" name="testOne" time="0.003"/>
  <testcase classname="Spack.ClassEight" name="testEight" time="0.002"/>
  <testcase classname="tpack.ClassThree" name="testThree" time="0.001"/>
</testsuite> <!-- Test -->
